D:\MyRecycleBin\Angular2MVC\Angular2MVC\Angular2MVC\app\app.component.js
D:\MyRecycleBin\Angular2MVC\Angular2MVC\Angular2MVC\app\app.component.js.map
D:\MyRecycleBin\Angular2MVC\Angular2MVC\Angular2MVC\app\Service\user.service.js
D:\MyRecycleBin\Angular2MVC\Angular2MVC\Angular2MVC\app\Service\user.service.js.map
D:\MyRecycleBin\Angular2MVC\Angular2MVC\Angular2MVC\app\Model\user.js
D:\MyRecycleBin\Angular2MVC\Angular2MVC\Angular2MVC\app\Model\user.js.map
D:\MyRecycleBin\Angular2MVC\Angular2MVC\Angular2MVC\app\Shared\enum.js
D:\MyRecycleBin\Angular2MVC\Angular2MVC\Angular2MVC\app\Shared\enum.js.map
D:\MyRecycleBin\Angular2MVC\Angular2MVC\Angular2MVC\app\Shared\global.js
D:\MyRecycleBin\Angular2MVC\Angular2MVC\Angular2MVC\app\Shared\global.js.map
D:\MyRecycleBin\Angular2MVC\Angular2MVC\Angular2MVC\app\components\user.component.js
D:\MyRecycleBin\Angular2MVC\Angular2MVC\Angular2MVC\app\components\user.component.js.map
D:\MyRecycleBin\Angular2MVC\Angular2MVC\Angular2MVC\app\components\home.component.js
D:\MyRecycleBin\Angular2MVC\Angular2MVC\Angular2MVC\app\components\home.component.js.map
D:\MyRecycleBin\Angular2MVC\Angular2MVC\Angular2MVC\app\app.routing.js
D:\MyRecycleBin\Angular2MVC\Angular2MVC\Angular2MVC\app\app.routing.js.map
D:\MyRecycleBin\Angular2MVC\Angular2MVC\Angular2MVC\app\app.module.js
D:\MyRecycleBin\Angular2MVC\Angular2MVC\Angular2MVC\app\app.module.js.map
D:\MyRecycleBin\Angular2MVC\Angular2MVC\Angular2MVC\app\main.js
D:\MyRecycleBin\Angular2MVC\Angular2MVC\Angular2MVC\app\main.js.map
D:\MyRecycleBin\Angular2MVC -UsingSignalR\Angular2MVC\Angular2MVC\app\app.component.js
D:\MyRecycleBin\Angular2MVC -UsingSignalR\Angular2MVC\Angular2MVC\app\app.component.js.map
D:\MyRecycleBin\Angular2MVC -UsingSignalR\Angular2MVC\Angular2MVC\app\Service\user.service.js
D:\MyRecycleBin\Angular2MVC -UsingSignalR\Angular2MVC\Angular2MVC\app\Service\user.service.js.map
D:\MyRecycleBin\Angular2MVC -UsingSignalR\Angular2MVC\Angular2MVC\app\Model\user.js
D:\MyRecycleBin\Angular2MVC -UsingSignalR\Angular2MVC\Angular2MVC\app\Model\user.js.map
D:\MyRecycleBin\Angular2MVC -UsingSignalR\Angular2MVC\Angular2MVC\app\Shared\enum.js
D:\MyRecycleBin\Angular2MVC -UsingSignalR\Angular2MVC\Angular2MVC\app\Shared\enum.js.map
D:\MyRecycleBin\Angular2MVC -UsingSignalR\Angular2MVC\Angular2MVC\app\Shared\global.js
D:\MyRecycleBin\Angular2MVC -UsingSignalR\Angular2MVC\Angular2MVC\app\Shared\global.js.map
D:\MyRecycleBin\Angular2MVC -UsingSignalR\Angular2MVC\Angular2MVC\app\components\user.component.js
D:\MyRecycleBin\Angular2MVC -UsingSignalR\Angular2MVC\Angular2MVC\app\components\user.component.js.map
D:\MyRecycleBin\Angular2MVC -UsingSignalR\Angular2MVC\Angular2MVC\app\components\home.component.js
D:\MyRecycleBin\Angular2MVC -UsingSignalR\Angular2MVC\Angular2MVC\app\components\home.component.js.map
D:\MyRecycleBin\Angular2MVC -UsingSignalR\Angular2MVC\Angular2MVC\app\app.routing.js
D:\MyRecycleBin\Angular2MVC -UsingSignalR\Angular2MVC\Angular2MVC\app\app.routing.js.map
D:\MyRecycleBin\Angular2MVC -UsingSignalR\Angular2MVC\Angular2MVC\app\app.module.js
D:\MyRecycleBin\Angular2MVC -UsingSignalR\Angular2MVC\Angular2MVC\app\app.module.js.map
D:\MyRecycleBin\Angular2MVC -UsingSignalR\Angular2MVC\Angular2MVC\app\main.js
D:\MyRecycleBin\Angular2MVC -UsingSignalR\Angular2MVC\Angular2MVC\app\main.js.map
D:\MyRecycleBin\Angular2MVC -UsingSignalR\Angular2MVC\Angular2MVC\app\app.component.js
D:\MyRecycleBin\Angular2MVC -UsingSignalR\Angular2MVC\Angular2MVC\app\app.component.js.map
D:\MyRecycleBin\Angular2MVC -UsingSignalR\Angular2MVC\Angular2MVC\app\app.constants.js
D:\MyRecycleBin\Angular2MVC -UsingSignalR\Angular2MVC\Angular2MVC\app\app.constants.js.map
D:\MyRecycleBin\Angular2MVC -UsingSignalR\Angular2MVC\Angular2MVC\app\Service\user.service.js
D:\MyRecycleBin\Angular2MVC -UsingSignalR\Angular2MVC\Angular2MVC\app\Service\user.service.js.map
D:\MyRecycleBin\Angular2MVC -UsingSignalR\Angular2MVC\Angular2MVC\app\Model\user.js
D:\MyRecycleBin\Angular2MVC -UsingSignalR\Angular2MVC\Angular2MVC\app\Model\user.js.map
D:\MyRecycleBin\Angular2MVC -UsingSignalR\Angular2MVC\Angular2MVC\app\Shared\enum.js
D:\MyRecycleBin\Angular2MVC -UsingSignalR\Angular2MVC\Angular2MVC\app\Shared\enum.js.map
D:\MyRecycleBin\Angular2MVC -UsingSignalR\Angular2MVC\Angular2MVC\app\Shared\global.js
D:\MyRecycleBin\Angular2MVC -UsingSignalR\Angular2MVC\Angular2MVC\app\Shared\global.js.map
D:\MyRecycleBin\Angular2MVC -UsingSignalR\Angular2MVC\Angular2MVC\app\components\user.component.js
D:\MyRecycleBin\Angular2MVC -UsingSignalR\Angular2MVC\Angular2MVC\app\components\user.component.js.map
D:\MyRecycleBin\Angular2MVC -UsingSignalR\Angular2MVC\Angular2MVC\app\components\home.component.js
D:\MyRecycleBin\Angular2MVC -UsingSignalR\Angular2MVC\Angular2MVC\app\components\home.component.js.map
D:\MyRecycleBin\Angular2MVC -UsingSignalR\Angular2MVC\Angular2MVC\app\app.routing.js
D:\MyRecycleBin\Angular2MVC -UsingSignalR\Angular2MVC\Angular2MVC\app\app.routing.js.map
D:\MyRecycleBin\Angular2MVC -UsingSignalR\Angular2MVC\Angular2MVC\app\app.module.js
D:\MyRecycleBin\Angular2MVC -UsingSignalR\Angular2MVC\Angular2MVC\app\app.module.js.map
D:\MyRecycleBin\Angular2MVC -UsingSignalR\Angular2MVC\Angular2MVC\app\main.js
D:\MyRecycleBin\Angular2MVC -UsingSignalR\Angular2MVC\Angular2MVC\app\main.js.map
D:\MyRecycleBin\Angular2MVC -UsingSignalR\Angular2MVC\Angular2MVC\app\Service\signalRService.js
D:\MyRecycleBin\Angular2MVC -UsingSignalR\Angular2MVC\Angular2MVC\app\Service\signalRService.js.map
D:\MyRecycleBin\Angular2MVC -UsingSignalR\Angular2MVC\Angular2MVC\app\Model\GetClockTime.js
D:\MyRecycleBin\Angular2MVC -UsingSignalR\Angular2MVC\Angular2MVC\app\Model\GetClockTime.js.map
D:\MyRecycleBin\Angular2MVC -UsingSignalR\Angular2MVC\Angular2MVC\app\app.component.js
D:\MyRecycleBin\Angular2MVC -UsingSignalR\Angular2MVC\Angular2MVC\app\app.component.js.map
D:\MyRecycleBin\Angular2MVC -UsingSignalR\Angular2MVC\Angular2MVC\app\app.constants.js
D:\MyRecycleBin\Angular2MVC -UsingSignalR\Angular2MVC\Angular2MVC\app\app.constants.js.map
D:\MyRecycleBin\Angular2MVC -UsingSignalR\Angular2MVC\Angular2MVC\app\Service\user.service.js
D:\MyRecycleBin\Angular2MVC -UsingSignalR\Angular2MVC\Angular2MVC\app\Service\user.service.js.map
D:\MyRecycleBin\Angular2MVC -UsingSignalR\Angular2MVC\Angular2MVC\app\Model\user.js
D:\MyRecycleBin\Angular2MVC -UsingSignalR\Angular2MVC\Angular2MVC\app\Model\user.js.map
D:\MyRecycleBin\Angular2MVC -UsingSignalR\Angular2MVC\Angular2MVC\app\Shared\enum.js
D:\MyRecycleBin\Angular2MVC -UsingSignalR\Angular2MVC\Angular2MVC\app\Shared\enum.js.map
D:\MyRecycleBin\Angular2MVC -UsingSignalR\Angular2MVC\Angular2MVC\app\Shared\global.js
D:\MyRecycleBin\Angular2MVC -UsingSignalR\Angular2MVC\Angular2MVC\app\Shared\global.js.map
D:\MyRecycleBin\Angular2MVC -UsingSignalR\Angular2MVC\Angular2MVC\app\components\user.component.js
D:\MyRecycleBin\Angular2MVC -UsingSignalR\Angular2MVC\Angular2MVC\app\components\user.component.js.map
D:\MyRecycleBin\Angular2MVC -UsingSignalR\Angular2MVC\Angular2MVC\app\components\home.component.js
D:\MyRecycleBin\Angular2MVC -UsingSignalR\Angular2MVC\Angular2MVC\app\components\home.component.js.map
D:\MyRecycleBin\Angular2MVC -UsingSignalR\Angular2MVC\Angular2MVC\app\Model\GetClockTime.js
D:\MyRecycleBin\Angular2MVC -UsingSignalR\Angular2MVC\Angular2MVC\app\Model\GetClockTime.js.map
D:\MyRecycleBin\Angular2MVC -UsingSignalR\Angular2MVC\Angular2MVC\app\Service\signalRService.js
D:\MyRecycleBin\Angular2MVC -UsingSignalR\Angular2MVC\Angular2MVC\app\Service\signalRService.js.map
D:\MyRecycleBin\Angular2MVC -UsingSignalR\Angular2MVC\Angular2MVC\app\Components\clock.component.js
D:\MyRecycleBin\Angular2MVC -UsingSignalR\Angular2MVC\Angular2MVC\app\Components\clock.component.js.map
D:\MyRecycleBin\Angular2MVC -UsingSignalR\Angular2MVC\Angular2MVC\app\app.routing.js
D:\MyRecycleBin\Angular2MVC -UsingSignalR\Angular2MVC\Angular2MVC\app\app.routing.js.map
D:\MyRecycleBin\Angular2MVC -UsingSignalR\Angular2MVC\Angular2MVC\app\app.module.js
D:\MyRecycleBin\Angular2MVC -UsingSignalR\Angular2MVC\Angular2MVC\app\app.module.js.map
D:\MyRecycleBin\Angular2MVC -UsingSignalR\Angular2MVC\Angular2MVC\app\main.js
D:\MyRecycleBin\Angular2MVC -UsingSignalR\Angular2MVC\Angular2MVC\app\main.js.map
D:\MyRecycleBin\Angular2MVC -UsingSignalR\Angular2MVC\Angular2MVC\app\app.component.js
D:\MyRecycleBin\Angular2MVC -UsingSignalR\Angular2MVC\Angular2MVC\app\app.component.js.map
D:\MyRecycleBin\Angular2MVC -UsingSignalR\Angular2MVC\Angular2MVC\app\app.constants.js
D:\MyRecycleBin\Angular2MVC -UsingSignalR\Angular2MVC\Angular2MVC\app\app.constants.js.map
D:\MyRecycleBin\Angular2MVC -UsingSignalR\Angular2MVC\Angular2MVC\app\Service\user.service.js
D:\MyRecycleBin\Angular2MVC -UsingSignalR\Angular2MVC\Angular2MVC\app\Service\user.service.js.map
D:\MyRecycleBin\Angular2MVC -UsingSignalR\Angular2MVC\Angular2MVC\app\Model\user.js
D:\MyRecycleBin\Angular2MVC -UsingSignalR\Angular2MVC\Angular2MVC\app\Model\user.js.map
D:\MyRecycleBin\Angular2MVC -UsingSignalR\Angular2MVC\Angular2MVC\app\Shared\enum.js
D:\MyRecycleBin\Angular2MVC -UsingSignalR\Angular2MVC\Angular2MVC\app\Shared\enum.js.map
D:\MyRecycleBin\Angular2MVC -UsingSignalR\Angular2MVC\Angular2MVC\app\Shared\global.js
D:\MyRecycleBin\Angular2MVC -UsingSignalR\Angular2MVC\Angular2MVC\app\Shared\global.js.map
D:\MyRecycleBin\Angular2MVC -UsingSignalR\Angular2MVC\Angular2MVC\app\components\user.component.js
D:\MyRecycleBin\Angular2MVC -UsingSignalR\Angular2MVC\Angular2MVC\app\components\user.component.js.map
D:\MyRecycleBin\Angular2MVC -UsingSignalR\Angular2MVC\Angular2MVC\app\components\home.component.js
D:\MyRecycleBin\Angular2MVC -UsingSignalR\Angular2MVC\Angular2MVC\app\components\home.component.js.map
D:\MyRecycleBin\Angular2MVC -UsingSignalR\Angular2MVC\Angular2MVC\app\Model\GetClockTime.js
D:\MyRecycleBin\Angular2MVC -UsingSignalR\Angular2MVC\Angular2MVC\app\Model\GetClockTime.js.map
D:\MyRecycleBin\Angular2MVC -UsingSignalR\Angular2MVC\Angular2MVC\app\Service\signalRService.js
D:\MyRecycleBin\Angular2MVC -UsingSignalR\Angular2MVC\Angular2MVC\app\Service\signalRService.js.map
D:\MyRecycleBin\Angular2MVC -UsingSignalR\Angular2MVC\Angular2MVC\app\Components\clock.component.js
D:\MyRecycleBin\Angular2MVC -UsingSignalR\Angular2MVC\Angular2MVC\app\Components\clock.component.js.map
D:\MyRecycleBin\Angular2MVC -UsingSignalR\Angular2MVC\Angular2MVC\app\app.routing.js
D:\MyRecycleBin\Angular2MVC -UsingSignalR\Angular2MVC\Angular2MVC\app\app.routing.js.map
D:\MyRecycleBin\Angular2MVC -UsingSignalR\Angular2MVC\Angular2MVC\app\app.module.js
D:\MyRecycleBin\Angular2MVC -UsingSignalR\Angular2MVC\Angular2MVC\app\app.module.js.map
D:\MyRecycleBin\Angular2MVC -UsingSignalR\Angular2MVC\Angular2MVC\app\main.js
D:\MyRecycleBin\Angular2MVC -UsingSignalR\Angular2MVC\Angular2MVC\app\main.js.map
D:\MyRecycleBin\Angular2MVC -UsingSignalR\Angular2MVC\Angular2MVC\app\app.component.js
D:\MyRecycleBin\Angular2MVC -UsingSignalR\Angular2MVC\Angular2MVC\app\app.component.js.map
D:\MyRecycleBin\Angular2MVC -UsingSignalR\Angular2MVC\Angular2MVC\app\app.constants.js
D:\MyRecycleBin\Angular2MVC -UsingSignalR\Angular2MVC\Angular2MVC\app\app.constants.js.map
D:\MyRecycleBin\Angular2MVC -UsingSignalR\Angular2MVC\Angular2MVC\app\Service\user.service.js
D:\MyRecycleBin\Angular2MVC -UsingSignalR\Angular2MVC\Angular2MVC\app\Service\user.service.js.map
D:\MyRecycleBin\Angular2MVC -UsingSignalR\Angular2MVC\Angular2MVC\app\Model\user.js
D:\MyRecycleBin\Angular2MVC -UsingSignalR\Angular2MVC\Angular2MVC\app\Model\user.js.map
D:\MyRecycleBin\Angular2MVC -UsingSignalR\Angular2MVC\Angular2MVC\app\Shared\enum.js
D:\MyRecycleBin\Angular2MVC -UsingSignalR\Angular2MVC\Angular2MVC\app\Shared\enum.js.map
D:\MyRecycleBin\Angular2MVC -UsingSignalR\Angular2MVC\Angular2MVC\app\Shared\global.js
D:\MyRecycleBin\Angular2MVC -UsingSignalR\Angular2MVC\Angular2MVC\app\Shared\global.js.map
D:\MyRecycleBin\Angular2MVC -UsingSignalR\Angular2MVC\Angular2MVC\app\components\user.component.js
D:\MyRecycleBin\Angular2MVC -UsingSignalR\Angular2MVC\Angular2MVC\app\components\user.component.js.map
D:\MyRecycleBin\Angular2MVC -UsingSignalR\Angular2MVC\Angular2MVC\app\components\home.component.js
D:\MyRecycleBin\Angular2MVC -UsingSignalR\Angular2MVC\Angular2MVC\app\components\home.component.js.map
D:\MyRecycleBin\Angular2MVC -UsingSignalR\Angular2MVC\Angular2MVC\app\Model\GetClockTime.js
D:\MyRecycleBin\Angular2MVC -UsingSignalR\Angular2MVC\Angular2MVC\app\Model\GetClockTime.js.map
D:\MyRecycleBin\Angular2MVC -UsingSignalR\Angular2MVC\Angular2MVC\app\Service\signalRService.js
D:\MyRecycleBin\Angular2MVC -UsingSignalR\Angular2MVC\Angular2MVC\app\Service\signalRService.js.map
D:\MyRecycleBin\Angular2MVC -UsingSignalR\Angular2MVC\Angular2MVC\app\Components\clock.component.js
D:\MyRecycleBin\Angular2MVC -UsingSignalR\Angular2MVC\Angular2MVC\app\Components\clock.component.js.map
D:\MyRecycleBin\Angular2MVC -UsingSignalR\Angular2MVC\Angular2MVC\app\app.routing.js
D:\MyRecycleBin\Angular2MVC -UsingSignalR\Angular2MVC\Angular2MVC\app\app.routing.js.map
D:\MyRecycleBin\Angular2MVC -UsingSignalR\Angular2MVC\Angular2MVC\app\app.module.js
D:\MyRecycleBin\Angular2MVC -UsingSignalR\Angular2MVC\Angular2MVC\app\app.module.js.map
D:\MyRecycleBin\Angular2MVC -UsingSignalR\Angular2MVC\Angular2MVC\app\main.js
D:\MyRecycleBin\Angular2MVC -UsingSignalR\Angular2MVC\Angular2MVC\app\main.js.map
D:\MyRecycleBin\Angular2MVC -UsingSignalR\Angular2MVC\Angular2MVC\app\app.component.js
D:\MyRecycleBin\Angular2MVC -UsingSignalR\Angular2MVC\Angular2MVC\app\app.component.js.map
D:\MyRecycleBin\Angular2MVC -UsingSignalR\Angular2MVC\Angular2MVC\app\app.constants.js
D:\MyRecycleBin\Angular2MVC -UsingSignalR\Angular2MVC\Angular2MVC\app\app.constants.js.map
D:\MyRecycleBin\Angular2MVC -UsingSignalR\Angular2MVC\Angular2MVC\app\Service\user.service.js
D:\MyRecycleBin\Angular2MVC -UsingSignalR\Angular2MVC\Angular2MVC\app\Service\user.service.js.map
D:\MyRecycleBin\Angular2MVC -UsingSignalR\Angular2MVC\Angular2MVC\app\Model\user.js
D:\MyRecycleBin\Angular2MVC -UsingSignalR\Angular2MVC\Angular2MVC\app\Model\user.js.map
D:\MyRecycleBin\Angular2MVC -UsingSignalR\Angular2MVC\Angular2MVC\app\Shared\enum.js
D:\MyRecycleBin\Angular2MVC -UsingSignalR\Angular2MVC\Angular2MVC\app\Shared\enum.js.map
D:\MyRecycleBin\Angular2MVC -UsingSignalR\Angular2MVC\Angular2MVC\app\Shared\global.js
D:\MyRecycleBin\Angular2MVC -UsingSignalR\Angular2MVC\Angular2MVC\app\Shared\global.js.map
D:\MyRecycleBin\Angular2MVC -UsingSignalR\Angular2MVC\Angular2MVC\app\components\user.component.js
D:\MyRecycleBin\Angular2MVC -UsingSignalR\Angular2MVC\Angular2MVC\app\components\user.component.js.map
D:\MyRecycleBin\Angular2MVC -UsingSignalR\Angular2MVC\Angular2MVC\app\components\home.component.js
D:\MyRecycleBin\Angular2MVC -UsingSignalR\Angular2MVC\Angular2MVC\app\components\home.component.js.map
D:\MyRecycleBin\Angular2MVC -UsingSignalR\Angular2MVC\Angular2MVC\app\Model\GetClockTime.js
D:\MyRecycleBin\Angular2MVC -UsingSignalR\Angular2MVC\Angular2MVC\app\Model\GetClockTime.js.map
D:\MyRecycleBin\Angular2MVC -UsingSignalR\Angular2MVC\Angular2MVC\app\Service\signalRService.js
D:\MyRecycleBin\Angular2MVC -UsingSignalR\Angular2MVC\Angular2MVC\app\Service\signalRService.js.map
D:\MyRecycleBin\Angular2MVC -UsingSignalR\Angular2MVC\Angular2MVC\app\Components\clock.component.js
D:\MyRecycleBin\Angular2MVC -UsingSignalR\Angular2MVC\Angular2MVC\app\Components\clock.component.js.map
D:\MyRecycleBin\Angular2MVC -UsingSignalR\Angular2MVC\Angular2MVC\app\app.routing.js
D:\MyRecycleBin\Angular2MVC -UsingSignalR\Angular2MVC\Angular2MVC\app\app.routing.js.map
D:\MyRecycleBin\Angular2MVC -UsingSignalR\Angular2MVC\Angular2MVC\app\app.module.js
D:\MyRecycleBin\Angular2MVC -UsingSignalR\Angular2MVC\Angular2MVC\app\app.module.js.map
D:\MyRecycleBin\Angular2MVC -UsingSignalR\Angular2MVC\Angular2MVC\app\main.js
D:\MyRecycleBin\Angular2MVC -UsingSignalR\Angular2MVC\Angular2MVC\app\main.js.map
D:\MyRecycleBin\Angular2MVC -UsingSignalR\Angular2MVC\Angular2MVC\app\app.component.js
D:\MyRecycleBin\Angular2MVC -UsingSignalR\Angular2MVC\Angular2MVC\app\app.component.js.map
D:\MyRecycleBin\Angular2MVC -UsingSignalR\Angular2MVC\Angular2MVC\app\app.constants.js
D:\MyRecycleBin\Angular2MVC -UsingSignalR\Angular2MVC\Angular2MVC\app\app.constants.js.map
D:\MyRecycleBin\Angular2MVC -UsingSignalR\Angular2MVC\Angular2MVC\app\Service\user.service.js
D:\MyRecycleBin\Angular2MVC -UsingSignalR\Angular2MVC\Angular2MVC\app\Service\user.service.js.map
D:\MyRecycleBin\Angular2MVC -UsingSignalR\Angular2MVC\Angular2MVC\app\Model\user.js
D:\MyRecycleBin\Angular2MVC -UsingSignalR\Angular2MVC\Angular2MVC\app\Model\user.js.map
D:\MyRecycleBin\Angular2MVC -UsingSignalR\Angular2MVC\Angular2MVC\app\Shared\enum.js
D:\MyRecycleBin\Angular2MVC -UsingSignalR\Angular2MVC\Angular2MVC\app\Shared\enum.js.map
D:\MyRecycleBin\Angular2MVC -UsingSignalR\Angular2MVC\Angular2MVC\app\Shared\global.js
D:\MyRecycleBin\Angular2MVC -UsingSignalR\Angular2MVC\Angular2MVC\app\Shared\global.js.map
D:\MyRecycleBin\Angular2MVC -UsingSignalR\Angular2MVC\Angular2MVC\app\components\user.component.js
D:\MyRecycleBin\Angular2MVC -UsingSignalR\Angular2MVC\Angular2MVC\app\components\user.component.js.map
D:\MyRecycleBin\Angular2MVC -UsingSignalR\Angular2MVC\Angular2MVC\app\components\home.component.js
D:\MyRecycleBin\Angular2MVC -UsingSignalR\Angular2MVC\Angular2MVC\app\components\home.component.js.map
D:\MyRecycleBin\Angular2MVC -UsingSignalR\Angular2MVC\Angular2MVC\app\Model\GetClockTime.js
D:\MyRecycleBin\Angular2MVC -UsingSignalR\Angular2MVC\Angular2MVC\app\Model\GetClockTime.js.map
D:\MyRecycleBin\Angular2MVC -UsingSignalR\Angular2MVC\Angular2MVC\app\Service\signalRService.js
D:\MyRecycleBin\Angular2MVC -UsingSignalR\Angular2MVC\Angular2MVC\app\Service\signalRService.js.map
D:\MyRecycleBin\Angular2MVC -UsingSignalR\Angular2MVC\Angular2MVC\app\Components\clock.component.js
D:\MyRecycleBin\Angular2MVC -UsingSignalR\Angular2MVC\Angular2MVC\app\Components\clock.component.js.map
D:\MyRecycleBin\Angular2MVC -UsingSignalR\Angular2MVC\Angular2MVC\app\app.routing.js
D:\MyRecycleBin\Angular2MVC -UsingSignalR\Angular2MVC\Angular2MVC\app\app.routing.js.map
D:\MyRecycleBin\Angular2MVC -UsingSignalR\Angular2MVC\Angular2MVC\app\app.module.js
D:\MyRecycleBin\Angular2MVC -UsingSignalR\Angular2MVC\Angular2MVC\app\app.module.js.map
D:\MyRecycleBin\Angular2MVC -UsingSignalR\Angular2MVC\Angular2MVC\app\main.js
D:\MyRecycleBin\Angular2MVC -UsingSignalR\Angular2MVC\Angular2MVC\app\main.js.map
D:\MyRecycleBin\Angular2MVC -UsingSignalR\Angular2MVC\Angular2MVC\app\app.component.js
D:\MyRecycleBin\Angular2MVC -UsingSignalR\Angular2MVC\Angular2MVC\app\app.component.js.map
D:\MyRecycleBin\Angular2MVC -UsingSignalR\Angular2MVC\Angular2MVC\app\app.constants.js
D:\MyRecycleBin\Angular2MVC -UsingSignalR\Angular2MVC\Angular2MVC\app\app.constants.js.map
D:\MyRecycleBin\Angular2MVC -UsingSignalR\Angular2MVC\Angular2MVC\app\Service\user.service.js
D:\MyRecycleBin\Angular2MVC -UsingSignalR\Angular2MVC\Angular2MVC\app\Service\user.service.js.map
D:\MyRecycleBin\Angular2MVC -UsingSignalR\Angular2MVC\Angular2MVC\app\Model\user.js
D:\MyRecycleBin\Angular2MVC -UsingSignalR\Angular2MVC\Angular2MVC\app\Model\user.js.map
D:\MyRecycleBin\Angular2MVC -UsingSignalR\Angular2MVC\Angular2MVC\app\Shared\enum.js
D:\MyRecycleBin\Angular2MVC -UsingSignalR\Angular2MVC\Angular2MVC\app\Shared\enum.js.map
D:\MyRecycleBin\Angular2MVC -UsingSignalR\Angular2MVC\Angular2MVC\app\Shared\global.js
D:\MyRecycleBin\Angular2MVC -UsingSignalR\Angular2MVC\Angular2MVC\app\Shared\global.js.map
D:\MyRecycleBin\Angular2MVC -UsingSignalR\Angular2MVC\Angular2MVC\app\components\user.component.js
D:\MyRecycleBin\Angular2MVC -UsingSignalR\Angular2MVC\Angular2MVC\app\components\user.component.js.map
D:\MyRecycleBin\Angular2MVC -UsingSignalR\Angular2MVC\Angular2MVC\app\components\home.component.js
D:\MyRecycleBin\Angular2MVC -UsingSignalR\Angular2MVC\Angular2MVC\app\components\home.component.js.map
D:\MyRecycleBin\Angular2MVC -UsingSignalR\Angular2MVC\Angular2MVC\app\Model\GetClockTime.js
D:\MyRecycleBin\Angular2MVC -UsingSignalR\Angular2MVC\Angular2MVC\app\Model\GetClockTime.js.map
D:\MyRecycleBin\Angular2MVC -UsingSignalR\Angular2MVC\Angular2MVC\app\Service\signalRService.js
D:\MyRecycleBin\Angular2MVC -UsingSignalR\Angular2MVC\Angular2MVC\app\Service\signalRService.js.map
D:\MyRecycleBin\Angular2MVC -UsingSignalR\Angular2MVC\Angular2MVC\app\Components\clock.component.js
D:\MyRecycleBin\Angular2MVC -UsingSignalR\Angular2MVC\Angular2MVC\app\Components\clock.component.js.map
D:\MyRecycleBin\Angular2MVC -UsingSignalR\Angular2MVC\Angular2MVC\app\app.routing.js
D:\MyRecycleBin\Angular2MVC -UsingSignalR\Angular2MVC\Angular2MVC\app\app.routing.js.map
D:\MyRecycleBin\Angular2MVC -UsingSignalR\Angular2MVC\Angular2MVC\app\app.module.js
D:\MyRecycleBin\Angular2MVC -UsingSignalR\Angular2MVC\Angular2MVC\app\app.module.js.map
D:\MyRecycleBin\Angular2MVC -UsingSignalR\Angular2MVC\Angular2MVC\app\main.js
D:\MyRecycleBin\Angular2MVC -UsingSignalR\Angular2MVC\Angular2MVC\app\main.js.map
D:\MyRecycleBin\Angular2MVC -UsingSignalR\Angular2MVC\Angular2MVC\app\app.component.js
D:\MyRecycleBin\Angular2MVC -UsingSignalR\Angular2MVC\Angular2MVC\app\app.component.js.map
D:\MyRecycleBin\Angular2MVC -UsingSignalR\Angular2MVC\Angular2MVC\app\app.constants.js
D:\MyRecycleBin\Angular2MVC -UsingSignalR\Angular2MVC\Angular2MVC\app\app.constants.js.map
D:\MyRecycleBin\Angular2MVC -UsingSignalR\Angular2MVC\Angular2MVC\app\Service\user.service.js
D:\MyRecycleBin\Angular2MVC -UsingSignalR\Angular2MVC\Angular2MVC\app\Service\user.service.js.map
D:\MyRecycleBin\Angular2MVC -UsingSignalR\Angular2MVC\Angular2MVC\app\Model\user.js
D:\MyRecycleBin\Angular2MVC -UsingSignalR\Angular2MVC\Angular2MVC\app\Model\user.js.map
D:\MyRecycleBin\Angular2MVC -UsingSignalR\Angular2MVC\Angular2MVC\app\Shared\enum.js
D:\MyRecycleBin\Angular2MVC -UsingSignalR\Angular2MVC\Angular2MVC\app\Shared\enum.js.map
D:\MyRecycleBin\Angular2MVC -UsingSignalR\Angular2MVC\Angular2MVC\app\Shared\global.js
D:\MyRecycleBin\Angular2MVC -UsingSignalR\Angular2MVC\Angular2MVC\app\Shared\global.js.map
D:\MyRecycleBin\Angular2MVC -UsingSignalR\Angular2MVC\Angular2MVC\app\components\user.component.js
D:\MyRecycleBin\Angular2MVC -UsingSignalR\Angular2MVC\Angular2MVC\app\components\user.component.js.map
D:\MyRecycleBin\Angular2MVC -UsingSignalR\Angular2MVC\Angular2MVC\app\components\home.component.js
D:\MyRecycleBin\Angular2MVC -UsingSignalR\Angular2MVC\Angular2MVC\app\components\home.component.js.map
D:\MyRecycleBin\Angular2MVC -UsingSignalR\Angular2MVC\Angular2MVC\app\Model\GetClockTime.js
D:\MyRecycleBin\Angular2MVC -UsingSignalR\Angular2MVC\Angular2MVC\app\Model\GetClockTime.js.map
D:\MyRecycleBin\Angular2MVC -UsingSignalR\Angular2MVC\Angular2MVC\app\Service\signalRService.js
D:\MyRecycleBin\Angular2MVC -UsingSignalR\Angular2MVC\Angular2MVC\app\Service\signalRService.js.map
D:\MyRecycleBin\Angular2MVC -UsingSignalR\Angular2MVC\Angular2MVC\app\Components\clock.component.js
D:\MyRecycleBin\Angular2MVC -UsingSignalR\Angular2MVC\Angular2MVC\app\Components\clock.component.js.map
D:\MyRecycleBin\Angular2MVC -UsingSignalR\Angular2MVC\Angular2MVC\app\app.routing.js
D:\MyRecycleBin\Angular2MVC -UsingSignalR\Angular2MVC\Angular2MVC\app\app.routing.js.map
D:\MyRecycleBin\Angular2MVC -UsingSignalR\Angular2MVC\Angular2MVC\app\app.module.js
D:\MyRecycleBin\Angular2MVC -UsingSignalR\Angular2MVC\Angular2MVC\app\app.module.js.map
D:\MyRecycleBin\Angular2MVC -UsingSignalR\Angular2MVC\Angular2MVC\app\main.js
D:\MyRecycleBin\Angular2MVC -UsingSignalR\Angular2MVC\Angular2MVC\app\main.js.map
D:\MyRecycleBin\Angular2MVC -UsingSignalR\Angular2MVC\Angular2MVC\app\app.component.js
D:\MyRecycleBin\Angular2MVC -UsingSignalR\Angular2MVC\Angular2MVC\app\app.component.js.map
D:\MyRecycleBin\Angular2MVC -UsingSignalR\Angular2MVC\Angular2MVC\app\app.constants.js
D:\MyRecycleBin\Angular2MVC -UsingSignalR\Angular2MVC\Angular2MVC\app\app.constants.js.map
D:\MyRecycleBin\Angular2MVC -UsingSignalR\Angular2MVC\Angular2MVC\app\Service\user.service.js
D:\MyRecycleBin\Angular2MVC -UsingSignalR\Angular2MVC\Angular2MVC\app\Service\user.service.js.map
D:\MyRecycleBin\Angular2MVC -UsingSignalR\Angular2MVC\Angular2MVC\app\Model\user.js
D:\MyRecycleBin\Angular2MVC -UsingSignalR\Angular2MVC\Angular2MVC\app\Model\user.js.map
D:\MyRecycleBin\Angular2MVC -UsingSignalR\Angular2MVC\Angular2MVC\app\Shared\enum.js
D:\MyRecycleBin\Angular2MVC -UsingSignalR\Angular2MVC\Angular2MVC\app\Shared\enum.js.map
D:\MyRecycleBin\Angular2MVC -UsingSignalR\Angular2MVC\Angular2MVC\app\Shared\global.js
D:\MyRecycleBin\Angular2MVC -UsingSignalR\Angular2MVC\Angular2MVC\app\Shared\global.js.map
D:\MyRecycleBin\Angular2MVC -UsingSignalR\Angular2MVC\Angular2MVC\app\components\user.component.js
D:\MyRecycleBin\Angular2MVC -UsingSignalR\Angular2MVC\Angular2MVC\app\components\user.component.js.map
D:\MyRecycleBin\Angular2MVC -UsingSignalR\Angular2MVC\Angular2MVC\app\components\home.component.js
D:\MyRecycleBin\Angular2MVC -UsingSignalR\Angular2MVC\Angular2MVC\app\components\home.component.js.map
D:\MyRecycleBin\Angular2MVC -UsingSignalR\Angular2MVC\Angular2MVC\app\Model\GetClockTime.js
D:\MyRecycleBin\Angular2MVC -UsingSignalR\Angular2MVC\Angular2MVC\app\Model\GetClockTime.js.map
D:\MyRecycleBin\Angular2MVC -UsingSignalR\Angular2MVC\Angular2MVC\app\Service\signalRService.js
D:\MyRecycleBin\Angular2MVC -UsingSignalR\Angular2MVC\Angular2MVC\app\Service\signalRService.js.map
D:\MyRecycleBin\Angular2MVC -UsingSignalR\Angular2MVC\Angular2MVC\app\Components\clock.component.js
D:\MyRecycleBin\Angular2MVC -UsingSignalR\Angular2MVC\Angular2MVC\app\Components\clock.component.js.map
D:\MyRecycleBin\Angular2MVC -UsingSignalR\Angular2MVC\Angular2MVC\app\app.routing.js
D:\MyRecycleBin\Angular2MVC -UsingSignalR\Angular2MVC\Angular2MVC\app\app.routing.js.map
D:\MyRecycleBin\Angular2MVC -UsingSignalR\Angular2MVC\Angular2MVC\app\app.module.js
D:\MyRecycleBin\Angular2MVC -UsingSignalR\Angular2MVC\Angular2MVC\app\app.module.js.map
D:\MyRecycleBin\Angular2MVC -UsingSignalR\Angular2MVC\Angular2MVC\app\main.js
D:\MyRecycleBin\Angular2MVC -UsingSignalR\Angular2MVC\Angular2MVC\app\main.js.map
D:\MyRecycleBin\Angular2MVC -UsingSignalR\Angular2MVC\Angular2MVC\app\app.component.js
D:\MyRecycleBin\Angular2MVC -UsingSignalR\Angular2MVC\Angular2MVC\app\app.component.js.map
D:\MyRecycleBin\Angular2MVC -UsingSignalR\Angular2MVC\Angular2MVC\app\app.constants.js
D:\MyRecycleBin\Angular2MVC -UsingSignalR\Angular2MVC\Angular2MVC\app\app.constants.js.map
D:\MyRecycleBin\Angular2MVC -UsingSignalR\Angular2MVC\Angular2MVC\app\Service\user.service.js
D:\MyRecycleBin\Angular2MVC -UsingSignalR\Angular2MVC\Angular2MVC\app\Service\user.service.js.map
D:\MyRecycleBin\Angular2MVC -UsingSignalR\Angular2MVC\Angular2MVC\app\Model\user.js
D:\MyRecycleBin\Angular2MVC -UsingSignalR\Angular2MVC\Angular2MVC\app\Model\user.js.map
D:\MyRecycleBin\Angular2MVC -UsingSignalR\Angular2MVC\Angular2MVC\app\Shared\enum.js
D:\MyRecycleBin\Angular2MVC -UsingSignalR\Angular2MVC\Angular2MVC\app\Shared\enum.js.map
D:\MyRecycleBin\Angular2MVC -UsingSignalR\Angular2MVC\Angular2MVC\app\Shared\global.js
D:\MyRecycleBin\Angular2MVC -UsingSignalR\Angular2MVC\Angular2MVC\app\Shared\global.js.map
D:\MyRecycleBin\Angular2MVC -UsingSignalR\Angular2MVC\Angular2MVC\app\components\user.component.js
D:\MyRecycleBin\Angular2MVC -UsingSignalR\Angular2MVC\Angular2MVC\app\components\user.component.js.map
D:\MyRecycleBin\Angular2MVC -UsingSignalR\Angular2MVC\Angular2MVC\app\components\home.component.js
D:\MyRecycleBin\Angular2MVC -UsingSignalR\Angular2MVC\Angular2MVC\app\components\home.component.js.map
D:\MyRecycleBin\Angular2MVC -UsingSignalR\Angular2MVC\Angular2MVC\app\Model\GetClockTime.js
D:\MyRecycleBin\Angular2MVC -UsingSignalR\Angular2MVC\Angular2MVC\app\Model\GetClockTime.js.map
D:\MyRecycleBin\Angular2MVC -UsingSignalR\Angular2MVC\Angular2MVC\app\Service\signalRService.js
D:\MyRecycleBin\Angular2MVC -UsingSignalR\Angular2MVC\Angular2MVC\app\Service\signalRService.js.map
D:\MyRecycleBin\Angular2MVC -UsingSignalR\Angular2MVC\Angular2MVC\app\Components\clock.component.js
D:\MyRecycleBin\Angular2MVC -UsingSignalR\Angular2MVC\Angular2MVC\app\Components\clock.component.js.map
D:\MyRecycleBin\Angular2MVC -UsingSignalR\Angular2MVC\Angular2MVC\app\app.routing.js
D:\MyRecycleBin\Angular2MVC -UsingSignalR\Angular2MVC\Angular2MVC\app\app.routing.js.map
D:\MyRecycleBin\Angular2MVC -UsingSignalR\Angular2MVC\Angular2MVC\app\app.module.js
D:\MyRecycleBin\Angular2MVC -UsingSignalR\Angular2MVC\Angular2MVC\app\app.module.js.map
D:\MyRecycleBin\Angular2MVC -UsingSignalR\Angular2MVC\Angular2MVC\app\main.js
D:\MyRecycleBin\Angular2MVC -UsingSignalR\Angular2MVC\Angular2MVC\app\main.js.map
